<?xml version="1.0" encoding="UTF-8"?>
<!-- Generated by org.testng.reporters.JUnitReportReporter -->
<testsuite skipped="0" hostname="TekArch" name="demo.TestNgDemo" tests="4" failures="0" timestamp="28 Mar 2023 18:17:32 GMT" time="0.041" errors="0">
  <testcase name="opportunities" time="0.027" classname="demo.TestNgDemo"/>
  <testcase name="Login" time="0.006" classname="demo.TestNgDemo"/>
  <testcase name="accounts" time="0.004" classname="demo.TestNgDemo"/>
  <testcase name="login" time="0.004" classname="demo.TestNgDemo"/>
</testsuite> <!-- demo.TestNgDemo -->
