<?xml version="1.0" encoding="UTF-8"?>
<!-- Generated by org.testng.reporters.JUnitReportReporter -->
<testsuite skipped="0" hostname="TekArch" name="tests.LoginTest" tests="2" failures="0" timestamp="03 Apr 2023 19:21:50 GMT" time="46.280" errors="0">
  <testcase name="loginTest1" time="11.669" classname="tests.LoginTest"/>
  <testcase name="loginTest" time="34.611" classname="tests.LoginTest"/>
</testsuite> <!-- tests.LoginTest -->
