<?xml version="1.0" encoding="UTF-8"?>
<!-- Generated by org.testng.reporters.JUnitReportReporter -->
<testsuite skipped="0" hostname="TekArch" name="tests.HomeTest" tests="3" failures="0" timestamp="06 Apr 2023 17:58:17 GMT" time="12.187" errors="0">
  <testcase name="homePage3" time="4.116" classname="tests.HomeTest"/>
  <testcase name="homePage2" time="4.175" classname="tests.HomeTest"/>
  <testcase name="homePage1" time="3.896" classname="tests.HomeTest"/>
</testsuite> <!-- tests.HomeTest -->
