<?xml version="1.0" encoding="UTF-8"?>
<!-- Generated by org.testng.reporters.JUnitReportReporter -->
<testsuite skipped="0" hostname="TekArch" name="tests.UserMenuTest" tests="1" failures="0" timestamp="10 Apr 2023 18:43:47 GMT" time="77.648" errors="0">
  <testcase name="userMenu_TC06" time="77.648" classname="tests.UserMenuTest"/>
</testsuite> <!-- tests.UserMenuTest -->
