<?xml version="1.0" encoding="UTF-8"?>
<!-- Generated by org.testng.reporters.JUnitReportReporter -->
<testsuite skipped="1" hostname="TekArch" name="tests.UserMenuTest" tests="1" failures="0" timestamp="12 Apr 2023 17:20:39 GMT" time="0.004" errors="0">
  <testcase name="userMenu_TC06" time="0.004" classname="tests.UserMenuTest">
    <skipped/>
  </testcase> <!-- userMenu_TC06 -->
</testsuite> <!-- tests.UserMenuTest -->
