<?xml version="1.0" encoding="UTF-8"?>
<!-- Generated by org.testng.reporters.JUnitReportReporter -->
<testsuite skipped="0" hostname="TekArch" name="tests.UserMenuTest" tests="1" failures="0" timestamp="07 Apr 2023 19:16:25 GMT" time="70.603" errors="0">
  <testcase name="userMenu_TC06" time="70.603" classname="tests.UserMenuTest"/>
</testsuite> <!-- tests.UserMenuTest -->
